0 info it worked if it ends with ok
1 verbose cli [ '/usr/local/bin/node',
1 verbose cli   '/usr/local/bin/npm',
1 verbose cli   'install',
1 verbose cli   '--global',
1 verbose cli   'coffeescript' ]
2 info using npm@3.10.10
3 info using node@v6.11.4
4 silly loadCurrentTree Starting
5 silly install loadCurrentTree
6 silly install readGlobalPackageData
7 silly fetchPackageMetaData coffeescript
8 silly fetchNamedPackageData coffeescript
9 silly mapToRegistry name coffeescript
10 silly mapToRegistry using default registry
11 silly mapToRegistry registry https://registry.npmjs.org/
12 silly mapToRegistry data Result {
12 silly mapToRegistry   raw: 'coffeescript',
12 silly mapToRegistry   scope: null,
12 silly mapToRegistry   escapedName: 'coffeescript',
12 silly mapToRegistry   name: 'coffeescript',
12 silly mapToRegistry   rawSpec: '',
12 silly mapToRegistry   spec: 'latest',
12 silly mapToRegistry   type: 'tag' }
13 silly mapToRegistry uri https://registry.npmjs.org/coffeescript
14 verbose request uri https://registry.npmjs.org/coffeescript
15 verbose request no auth needed
16 info attempt registry request try #1 at 8:26:45 PM
17 verbose request id f69660a64c8d7a44
18 verbose etag W/"59d87d3b-143e6"
19 verbose lastModified Sat, 07 Oct 2017 07:07:39 GMT
20 http request GET https://registry.npmjs.org/coffeescript
21 http 304 https://registry.npmjs.org/coffeescript
22 verbose headers { date: 'Thu, 12 Oct 2017 18:26:45 GMT',
22 verbose headers   via: '1.1 varnish',
22 verbose headers   'cache-control': 'max-age=300',
22 verbose headers   etag: 'W/"59d87d3b-143e6"',
22 verbose headers   age: '50',
22 verbose headers   connection: 'keep-alive',
22 verbose headers   'x-served-by': 'cache-ams4442-AMS',
22 verbose headers   'x-cache': 'HIT',
22 verbose headers   'x-cache-hits': '1',
22 verbose headers   'x-timer': 'S1507832806.633798,VS0,VE1',
22 verbose headers   vary: 'Accept-Encoding, Accept' }
23 silly get cb [ 304,
23 silly get   { date: 'Thu, 12 Oct 2017 18:26:45 GMT',
23 silly get     via: '1.1 varnish',
23 silly get     'cache-control': 'max-age=300',
23 silly get     etag: 'W/"59d87d3b-143e6"',
23 silly get     age: '50',
23 silly get     connection: 'keep-alive',
23 silly get     'x-served-by': 'cache-ams4442-AMS',
23 silly get     'x-cache': 'HIT',
23 silly get     'x-cache-hits': '1',
23 silly get     'x-timer': 'S1507832806.633798,VS0,VE1',
23 silly get     vary: 'Accept-Encoding, Accept' } ]
24 verbose etag https://registry.npmjs.org/coffeescript from cache
25 verbose get saving coffeescript to /Users/danny/.npm/registry.npmjs.org/coffeescript/.cache.json
26 verbose correctMkdir /Users/danny/.npm correctMkdir not in flight; initializing
27 silly install normalizeTree
28 silly loadCurrentTree Finishing
29 silly loadIdealTree Starting
30 silly install loadIdealTree
31 silly cloneCurrentTree Starting
32 silly install cloneCurrentTreeToIdealTree
33 silly cloneCurrentTree Finishing
34 silly loadShrinkwrap Starting
35 silly install loadShrinkwrap
36 silly loadShrinkwrap Finishing
37 silly loadAllDepsIntoIdealTree Starting
38 silly install loadAllDepsIntoIdealTree
39 silly resolveWithNewModule coffeescript@2.0.1 checking installable status
40 silly cache add args [ 'coffeescript', null ]
41 verbose cache add spec coffeescript
42 silly cache add parsed spec Result {
42 silly cache add   raw: 'coffeescript',
42 silly cache add   scope: null,
42 silly cache add   escapedName: 'coffeescript',
42 silly cache add   name: 'coffeescript',
42 silly cache add   rawSpec: '',
42 silly cache add   spec: 'latest',
42 silly cache add   type: 'tag' }
43 silly addNamed coffeescript@latest
44 verbose addNamed "latest" is being treated as a dist-tag for coffeescript
45 info addNameTag [ 'coffeescript', 'latest' ]
46 silly mapToRegistry name coffeescript
47 silly mapToRegistry using default registry
48 silly mapToRegistry registry https://registry.npmjs.org/
49 silly mapToRegistry data Result {
49 silly mapToRegistry   raw: 'coffeescript',
49 silly mapToRegistry   scope: null,
49 silly mapToRegistry   escapedName: 'coffeescript',
49 silly mapToRegistry   name: 'coffeescript',
49 silly mapToRegistry   rawSpec: '',
49 silly mapToRegistry   spec: 'latest',
49 silly mapToRegistry   type: 'tag' }
50 silly mapToRegistry uri https://registry.npmjs.org/coffeescript
51 verbose addNameTag registry:https://registry.npmjs.org/coffeescript not in flight; fetching
52 verbose get https://registry.npmjs.org/coffeescript not expired, no request
53 silly addNameTag next cb for coffeescript with tag latest
54 silly addNamed coffeescript@2.0.1
55 verbose addNamed "2.0.1" is a plain semver version for coffeescript
56 silly cache afterAdd coffeescript@2.0.1
57 verbose afterAdd /Users/danny/.npm/coffeescript/2.0.1/package/package.json not in flight; writing
58 verbose correctMkdir /Users/danny/.npm correctMkdir not in flight; initializing
59 verbose afterAdd /Users/danny/.npm/coffeescript/2.0.1/package/package.json written
60 silly loadAllDepsIntoIdealTree Finishing
61 silly loadIdealTree Finishing
62 silly currentTree lib
62 silly currentTree └── coffeescript@2.0.1
63 silly idealTree lib
63 silly idealTree └── coffeescript@2.0.1
64 silly generateActionsToTake Starting
65 silly install generateActionsToTake
66 warn checkPermissions Missing write access to /usr/local/lib/node_modules/coffeescript
67 warn checkPermissions Missing write access to /usr/local/lib/node_modules
68 silly rollbackFailedOptional Starting
69 silly rollbackFailedOptional Finishing
70 silly runTopLevelLifecycles Finishing
71 silly install printInstalled
72 verbose stack Error: EACCES: permission denied, access '/usr/local/lib/node_modules/coffeescript'
72 verbose stack     at Error (native)
73 verbose cwd /Users/danny/Documents/git-repositories/awe-dvps-dashboard
74 error Darwin 16.7.0
75 error argv "/usr/local/bin/node" "/usr/local/bin/npm" "install" "--global" "coffeescript"
76 error node v6.11.4
77 error npm  v3.10.10
78 error path /usr/local/lib/node_modules/coffeescript
79 error code EACCES
80 error errno -13
81 error syscall access
82 error Error: EACCES: permission denied, access '/usr/local/lib/node_modules/coffeescript'
82 error     at Error (native)
82 error  { Error: EACCES: permission denied, access '/usr/local/lib/node_modules/coffeescript'
82 error     at Error (native)
82 error   errno: -13,
82 error   code: 'EACCES',
82 error   syscall: 'access',
82 error   path: '/usr/local/lib/node_modules/coffeescript' }
83 error Please try running this command again as root/Administrator.
84 verbose exit [ -13, true ]
